<?xml version="1.0" encoding="UTF-8"?>
<!-- Generated by org.testng.reporters.JUnitReportReporter -->
<testsuite hostname="DESKTOP-IP27C5L" failures="0" tests="5" name="EatzillaFlowTest" time="30.991" errors="0" timestamp="2025-05-20T13:25:33 IST" skipped="0">
  <testcase classname="EatzillaFlowTest" name="loginTest" time="6.426"/>
  <testcase classname="EatzillaFlowTest" name="goToBrowsePage" time="6.019"/>
  <testcase classname="EatzillaFlowTest" name="goToRestaurantsPage" time="6.174"/>
  <testcase classname="EatzillaFlowTest" name="goToRestaurantDetailsPage" time="6.202"/>
  <testcase classname="EatzillaFlowTest" name="navigateToOrdersPage" time="6.170"/>
</testsuite> <!-- EatzillaFlowTest -->
